<?xml version="1.0" encoding="UTF-8"?>
<testsuite name="ImportTest" tests="1" skipped="0" failures="0" errors="0" timestamp="2020-01-12T10:29:19" hostname="DESKTOP-BDAN7I0" time="0.01">
  <properties/>
  <testcase name="testIfParserGivesExpectedValues" classname="ImportTest" time="0.01"/>
  <system-out><![CDATA[]]></system-out>
  <system-err><![CDATA[]]></system-err>
</testsuite>
